
#=============================================================
#  JobUsageRecords for the Probes with ridiculous efficiency 
#  Start: Tue Sep 17 19:06:34 CDT 2013
#  Probe: condor:iut2-gk.mwt2.org
#=============================================================

mysql --table --unbuffered --host=gr-osg-mysql-reports.opensciencegrid.org --port=3306 -u reader -preader gratia
   SELECT
      jur.dbid as dbid
     ,CpuSystemDuration 
     ,CpuUserDuration
     ,WallDuration
     ,Processors
     ,(WallDuration * IFNULL(Processors,1)) as Wall_w_Cores
     ,round((CpuSystemDuration + CpuUserDuration)/(WallDuration * IFNULL(Processors,1)) * 100,0) as Efficiency
   FROM
      JobUsageRecord_Meta meta
     ,JobUsageRecord jur
   WHERE
    meta.ProbeName = "condor:iut2-gk.mwt2.org"
-- AND meta.ServerDate >= "2013-09-15"  ## May miss some as Server is usually > End
-- AND meta.ServerDate <  "2020-01-01"
AND meta.dbid = jur.dbid
AND jur.EndTime >= "2013-09-15"
AND jur.EndTime < "2020-01-01"
AND (CpuSystemDuration + CpuUserDuration)/(WallDuration * IFNULL(Processors,1)) * 100 > 2500

   order by
     dbid
;

+------------+-------------------+-----------------+--------------+------------+--------------+------------+
| dbid       | CpuSystemDuration | CpuUserDuration | WallDuration | Processors | Wall_w_Cores | Efficiency |
+------------+-------------------+-----------------+--------------+------------+--------------+------------+
| 1140389584 |        2147483648 |           48591 |        61678 |          1 |        61678 |    3481845 | 
| 1140630194 |        2147483648 |           52789 |        56499 |          1 |        56499 |    3801017 | 
| 1140635156 |        2147483648 |           45328 |        49721 |          1 |        49721 |    4319159 | 
| 1140664933 |        2147483648 |           34650 |        55140 |          1 |        55140 |    3894665 | 
| 1140669405 |        2147483648 |           31952 |        51441 |          1 |        51441 |    4174716 | 
| 1140762149 |        2147483648 |           54338 |        62487 |          1 |        62487 |    3436776 | 
| 1140772959 |        2147483648 |           53302 |        71651 |          1 |        71651 |    2997218 | 
| 1140789619 |        2147483648 |           46561 |        82879 |          1 |        82879 |    2591163 | 
| 1140836851 |        2147483648 |           62549 |        80896 |          1 |        80896 |    2654700 | 
| 1141884468 |        2147483648 |           31867 |        48709 |          1 |        48709 |    4408868 | 
| 1141963238 |        2147483648 |           49538 |        60037 |          1 |        60037 |    3577016 | 
| 1141974585 |        2147483648 |           49954 |        60743 |          1 |        60743 |    3535442 | 
+------------+-------------------+-----------------+--------------+------------+--------------+------------+

-- ------------------------------------
-- Probe: condor:iut2-gk.mwt2.org
-- ------------------------------------
call del_JUR_from_summary(1140389584);
update JobUsageRecord set WallDuration=0, CpuUserDuration=0, CpuSystemDuration=0 where dbid = 1140389584;
call del_JUR_from_summary(1140630194);
update JobUsageRecord set WallDuration=0, CpuUserDuration=0, CpuSystemDuration=0 where dbid = 1140630194;
call del_JUR_from_summary(1140635156);
update JobUsageRecord set WallDuration=0, CpuUserDuration=0, CpuSystemDuration=0 where dbid = 1140635156;
call del_JUR_from_summary(1140664933);
update JobUsageRecord set WallDuration=0, CpuUserDuration=0, CpuSystemDuration=0 where dbid = 1140664933;
call del_JUR_from_summary(1140669405);
update JobUsageRecord set WallDuration=0, CpuUserDuration=0, CpuSystemDuration=0 where dbid = 1140669405;
call del_JUR_from_summary(1140762149);
update JobUsageRecord set WallDuration=0, CpuUserDuration=0, CpuSystemDuration=0 where dbid = 1140762149;
call del_JUR_from_summary(1140772959);
update JobUsageRecord set WallDuration=0, CpuUserDuration=0, CpuSystemDuration=0 where dbid = 1140772959;
call del_JUR_from_summary(1140789619);
update JobUsageRecord set WallDuration=0, CpuUserDuration=0, CpuSystemDuration=0 where dbid = 1140789619;
call del_JUR_from_summary(1140836851);
update JobUsageRecord set WallDuration=0, CpuUserDuration=0, CpuSystemDuration=0 where dbid = 1140836851;
call del_JUR_from_summary(1141884468);
update JobUsageRecord set WallDuration=0, CpuUserDuration=0, CpuSystemDuration=0 where dbid = 1141884468;
call del_JUR_from_summary(1141963238);
update JobUsageRecord set WallDuration=0, CpuUserDuration=0, CpuSystemDuration=0 where dbid = 1141963238;
call del_JUR_from_summary(1141974585);
update JobUsageRecord set WallDuration=0, CpuUserDuration=0, CpuSystemDuration=0 where dbid = 1141974585;
