
#=============================================================
#  JobUsageRecords for the Probes with ridiculous efficiency 
#  Start: Tue Sep 17 18:41:26 CDT 2013
#  Probe: condor:uct2-gk.mwt2.org
#=============================================================

mysql --table --unbuffered --host=gr-osg-mysql-reports.opensciencegrid.org --port=3306 -u reader -preader gratia
   SELECT
      jur.dbid as dbid
     ,CpuSystemDuration 
     ,CpuUserDuration
     ,WallDuration
     ,Processors
     ,(WallDuration * IFNULL(Processors,1)) as Wall_w_Cores
     ,round((CpuSystemDuration + CpuUserDuration)/(WallDuration * IFNULL(Processors,1)) * 100,0) as Efficiency
   FROM
      JobUsageRecord_Meta meta
     ,JobUsageRecord jur
   WHERE
    meta.ProbeName = "condor:uct2-gk.mwt2.org"
-- AND meta.ServerDate >= "2013-09-15"  ## May miss some as Server is usually > End
-- AND meta.ServerDate <  "2020-01-01"
AND meta.dbid = jur.dbid
AND jur.EndTime >= "2013-09-15"
AND jur.EndTime < "2020-01-01"
AND (CpuSystemDuration + CpuUserDuration)/(WallDuration * IFNULL(Processors,1)) * 100 > 2500

   order by
     dbid
;

+------------+-------------------+-----------------+--------------+------------+--------------+------------+
| dbid       | CpuSystemDuration | CpuUserDuration | WallDuration | Processors | Wall_w_Cores | Efficiency |
+------------+-------------------+-----------------+--------------+------------+--------------+------------+
| 1140330528 |        2147483648 |           20242 |        32972 |          1 |        32972 |    6513114 | 
| 1140360735 |        2147483648 |           13419 |        19529 |          1 |        19529 |   10996452 | 
| 1140487757 |        2147483648 |           18139 |        31380 |          1 |        31380 |    6843537 | 
| 1140617233 |        2147483648 |           26926 |        51888 |          1 |        51888 |    4138742 | 
| 1140621685 |        2147483648 |           29198 |        43715 |          1 |        43715 |    4912531 | 
| 1140698262 |        2147483648 |           37999 |        55240 |          1 |        55240 |    3887621 | 
| 1141309890 |        2147483648 |           22192 |        35755 |          1 |        35755 |    6006169 | 
+------------+-------------------+-----------------+--------------+------------+--------------+------------+

-- ------------------------------------
-- Probe: condor:uct2-gk.mwt2.org
-- ------------------------------------
call del_JUR_from_summary(1140330528);
update JobUsageRecord set WallDuration=0, CpuUserDuration=0, CpuSystemDuration=0 where dbid = 1140330528;
call del_JUR_from_summary(1140360735);
update JobUsageRecord set WallDuration=0, CpuUserDuration=0, CpuSystemDuration=0 where dbid = 1140360735;
call del_JUR_from_summary(1140487757);
update JobUsageRecord set WallDuration=0, CpuUserDuration=0, CpuSystemDuration=0 where dbid = 1140487757;
call del_JUR_from_summary(1140617233);
update JobUsageRecord set WallDuration=0, CpuUserDuration=0, CpuSystemDuration=0 where dbid = 1140617233;
call del_JUR_from_summary(1140621685);
update JobUsageRecord set WallDuration=0, CpuUserDuration=0, CpuSystemDuration=0 where dbid = 1140621685;
call del_JUR_from_summary(1140698262);
update JobUsageRecord set WallDuration=0, CpuUserDuration=0, CpuSystemDuration=0 where dbid = 1140698262;
call del_JUR_from_summary(1141309890);
update JobUsageRecord set WallDuration=0, CpuUserDuration=0, CpuSystemDuration=0 where dbid = 1141309890;
